  $$<: ><09-14-2015 09:17:18.008214><thread=1964>
_______________________________________________________________________ $$<: ><09-14-2015 09:17:18.021206><thread=1964>
09/14/2015 09:17:18 $$<: ><09-14-2015 09:17:18.032203><thread=1964>
_______________________________________________________________________ $$<: ><09-14-2015 09:17:18.046218><thread=1964>
  $$<: ><09-14-2015 09:17:18.057207><thread=1964>
Successfully connected to: X01337AA00100V.umpq.umpquabank.com $$<:New-SCCMConnection()><09-14-2015 09:17:21.114449><thread=1964>
Starting Importing Driver Store: \\X01337AA00100V.umpq.umpquabank.com\Source$\OSD\Drivers $$<:Import-SCCMDriverStore()><09-14-2015 09:17:21.127444><thread=1964>
Processing Driver Package: Dell_7010_Win7x64 $$<:SDS-ProcessPackage()><09-14-2015 09:17:21.153450><thread=1964>
Existing driver package Dell_7010_Win7x64 (UB10002F) retrieved. $$<:SDS-ProcessPackage()><09-14-2015 09:18:26.349435><thread=1964>
Error: Error importing driver: \\X01337AA00100V.umpq.umpquabank.com\Source$\OSD\Drivers\Dell\7010\Win7x64\chipset\46WD8_A01-00\Extracted\NAC_PP\IntelAMTPP.inf $$<:SDS-ImportDriver><09-14-2015 09:18:32.257879><thread=1964>
Processing Driver Package: Dell_7010_Win7x86 $$<:SDS-ProcessPackage()><09-14-2015 09:19:02.478199><thread=1964>
Existing driver package Dell_7010_Win7x86 (UB100030) retrieved. $$<:SDS-ProcessPackage()><09-14-2015 09:19:49.724806><thread=1964>
Error: Error importing driver: \\X01337AA00100V.umpq.umpquabank.com\Source$\OSD\Drivers\Dell\7010\Win7x86\chipset\46WD8_A01-00\Extracted\NAC_PP\IntelAMTPP.inf $$<:SDS-ImportDriver><09-14-2015 09:19:54.421166><thread=1964>
Processing Driver Package: Dell_780_Win7x64 $$<:SDS-ProcessPackage()><09-14-2015 09:20:26.405610><thread=1964>
Existing driver package Dell_780_Win7x64 (UB100031) retrieved. $$<:SDS-ProcessPackage()><09-14-2015 09:21:00.313203><thread=1964>
Error: Error importing driver: \\X01337AA00100V.umpq.umpquabank.com\Source$\OSD\Drivers\Dell\780\Win7x64\controlpoint\V3P97_A18-00\PBA\pbadrv.inf $$<:SDS-ImportDriver><09-14-2015 09:21:10.878011><thread=1964>
Processing Driver Package: Dell_780_Win7x86 $$<:SDS-ProcessPackage()><09-14-2015 09:21:17.220493><thread=1964>
Existing driver package Dell_780_Win7x86 (UB100032) retrieved. $$<:SDS-ProcessPackage()><09-14-2015 09:21:58.608661><thread=1964>
Error: Error importing driver: \\X01337AA00100V.umpq.umpquabank.com\Source$\OSD\Drivers\Dell\780\Win7x86\controlpoint\0KRP3_A18-00\PBA\pbadrv.inf $$<:SDS-ImportDriver><09-14-2015 09:22:09.146465><thread=1964>
Processing Driver Package: Dell_790_Win7x64 $$<:SDS-ProcessPackage()><09-14-2015 09:22:15.352948><thread=1964>
Existing driver package Dell_790_Win7x64 (UB100034) retrieved. $$<:SDS-ProcessPackage()><09-14-2015 09:22:46.683343><thread=1964>
Processing Driver Package: Dell_790_Win7x86 $$<:SDS-ProcessPackage()><09-14-2015 09:22:58.597249><thread=1964>
Existing driver package Dell_790_Win7x86 (UB100035) retrieved. $$<:SDS-ProcessPackage()><09-14-2015 09:23:28.957572><thread=1964>
Processing Driver Package: Dell_790_winxp $$<:SDS-ProcessPackage()><09-14-2015 09:23:39.336363><thread=1964>
Existing driver package Dell_790_winxp (UB100036) retrieved. $$<:SDS-ProcessPackage()><09-14-2015 09:23:40.204430><thread=1964>
Processing Driver Package: Dell_9010_Win7x64 $$<:SDS-ProcessPackage()><09-14-2015 09:23:40.236432><thread=1964>
Existing driver package Dell_9010_Win7x64 (UB100037) retrieved. $$<:SDS-ProcessPackage()><09-14-2015 09:24:31.894382><thread=1964>
Error: Error importing driver: \\X01337AA00100V.umpq.umpquabank.com\Source$\OSD\Drivers\Dell\9010\Win7x64\network\FG13K_A00-00\win7x64\DOS\NDIS2\oemsetup.inf $$<:SDS-ImportDriver><09-14-2015 09:25:01.559655><thread=1964>
Processing Driver Package: Dell_9010_Win7x86 $$<:SDS-ProcessPackage()><09-14-2015 09:25:09.553266><thread=1964>
Existing driver package Dell_9010_Win7x86 (UB100038) retrieved. $$<:SDS-ProcessPackage()><09-14-2015 09:26:00.642172><thread=1964>
Error: Error importing driver: \\X01337AA00100V.umpq.umpquabank.com\Source$\OSD\Drivers\Dell\9010\Win7x86\network\FG13K_A00-00\win7x86\DOS\NDIS2\oemsetup.inf $$<:SDS-ImportDriver><09-14-2015 09:26:29.553383><thread=1964>
Processing Driver Package: Dell_9020_Win7x64 $$<:SDS-ProcessPackage()><09-14-2015 09:26:36.771932><thread=1964>
Existing driver package Dell_9020_Win7x64 (UB100027) retrieved. $$<:SDS-ProcessPackage()><09-14-2015 09:27:53.170774><thread=1964>
Processing Driver Package: Dell_9020_Win7x86 $$<:SDS-ProcessPackage()><09-14-2015 09:29:08.007498><thread=1964>
Existing driver package Dell_9020_Win7x86 (UB100028) retrieved. $$<:SDS-ProcessPackage()><09-14-2015 09:30:21.042082><thread=1964>
Processing Driver Package: Dell_9020_Win8x64 $$<:SDS-ProcessPackage()><09-14-2015 09:31:38.419999><thread=1964>
Existing driver package Dell_9020_Win8x64 (UB100029) retrieved. $$<:SDS-ProcessPackage()><09-14-2015 09:33:52.461258><thread=1964>
Processing Driver Package: Dell_9030_Win7x64 $$<:SDS-ProcessPackage()><09-14-2015 09:38:39.593209><thread=1964>
Existing driver package Dell_9030_Win7x64 (UB10002A) retrieved. $$<:SDS-ProcessPackage()><09-14-2015 09:39:02.618979><thread=1964>
Processing Driver Package: Dell_9030_Win7x86 $$<:SDS-ProcessPackage()><09-14-2015 09:39:08.778440><thread=1964>
Existing driver package Dell_9030_Win7x86 (UB10002B) retrieved. $$<:SDS-ProcessPackage()><09-14-2015 09:39:30.432098><thread=1964>
Processing Driver Package: Dell_9030_Win8.1x64 $$<:SDS-ProcessPackage()><09-14-2015 09:39:35.657496><thread=1964>
Existing driver package Dell_9030_Win8.1x64 (UB10002C) retrieved. $$<:SDS-ProcessPackage()><09-14-2015 09:39:57.658178><thread=1964>
Processing Driver Package: Dell_980_Win7x64 $$<:SDS-ProcessPackage()><09-14-2015 09:40:02.561552><thread=1964>
Existing driver package Dell_980_Win7x64 (UB100039) retrieved. $$<:SDS-ProcessPackage()><09-14-2015 09:40:37.808251><thread=1964>
Error: Error importing driver: \\X01337AA00100V.umpq.umpquabank.com\Source$\OSD\Drivers\Dell\980\Win7x64\controlpoint\V3P97_A18-00\Security\PBA\pbadrv.inf $$<:SDS-ImportDriver><09-14-2015 09:40:47.838012><thread=1964>
Processing Driver Package: Dell_980_Win7x86 $$<:SDS-ProcessPackage()><09-14-2015 09:40:54.197500><thread=1964>
Existing driver package Dell_980_Win7x86 (UB10003A) retrieved. $$<:SDS-ProcessPackage()><09-14-2015 09:41:27.403040><thread=1964>
Error: Error importing driver: \\X01337AA00100V.umpq.umpquabank.com\Source$\OSD\Drivers\Dell\980\Win7x86\controlpoint\0KRP3_A18-00\Security\PBA\pbadrv.inf $$<:SDS-ImportDriver><09-14-2015 09:41:37.082781><thread=1964>
Error: Error importing driver: \\X01337AA00100V.umpq.umpquabank.com\Source$\OSD\Drivers\Dell\980\Win7x86\network\R290983\Extracted\dos\ndis2\oemsetup.inf $$<:SDS-ImportDriver><09-14-2015 09:41:39.678978><thread=1964>
Processing Driver Package: Dell_990_Win7x64 $$<:SDS-ProcessPackage()><09-14-2015 09:41:44.475345><thread=1964>
Existing driver package Dell_990_Win7x64 (UB10003B) retrieved. $$<:SDS-ProcessPackage()><09-14-2015 09:42:18.408940><thread=1964>
Processing Driver Package: Dell_990_Win7x86 $$<:SDS-ProcessPackage()><09-14-2015 09:42:32.611035><thread=1964>
Existing driver package Dell_990_Win7x86 (UB10003C) retrieved. $$<:SDS-ProcessPackage()><09-14-2015 09:43:03.933425><thread=1964>
Processing Driver Package: Dell_E6420_Win7x64 $$<:SDS-ProcessPackage()><09-14-2015 09:43:16.288369><thread=1964>
Existing driver package Dell_E6420_Win7x64 (UB10002D) retrieved. $$<:SDS-ProcessPackage()><09-14-2015 09:45:26.012286><thread=1964>
Error: Error importing driver: \\X01337AA00100V.umpq.umpquabank.com\Source$\OSD\Drivers\Dell\E6420\Win7x64\communication\RH1RC_A00-00\program files\Dell\DW580x\production\UninstallDell.inf $$<:SDS-ImportDriver><09-14-2015 09:47:28.625662><thread=1964>
Error: Error importing driver: \\X01337AA00100V.umpq.umpquabank.com\Source$\OSD\Drivers\Dell\E6420\Win7x64\network\1G1GX_A00-00\win7x64\Win64\btwampfl_svc.inf $$<:SDS-ImportDriver><09-14-2015 09:47:53.036538><thread=1964>
Processing Driver Package: Dell_E6420_Win7x86 $$<:SDS-ProcessPackage()><09-14-2015 09:48:39.757103><thread=1964>
Existing driver package Dell_E6420_Win7x86 (UB10002E) retrieved. $$<:SDS-ProcessPackage()><09-14-2015 09:50:38.274166><thread=1964>
Error: Error importing driver: \\X01337AA00100V.umpq.umpquabank.com\Source$\OSD\Drivers\Dell\E6420\Win7x86\communication\RH1RC_A00-00\program files\Dell\DW580x\production\UninstallDell.inf $$<:SDS-ImportDriver><09-14-2015 09:52:30.219730><thread=1964>
Error: Error importing driver: \\X01337AA00100V.umpq.umpquabank.com\Source$\OSD\Drivers\Dell\E6420\Win7x86\network\1G1GX_A00-00\win7x86\Win32\btwampfl_svc.inf $$<:SDS-ImportDriver><09-14-2015 09:52:52.052408><thread=1964>
Processing Driver Package: Dell_E6430_Win7x64 $$<:SDS-ProcessPackage()><09-14-2015 09:53:17.995383><thread=1964>
Existing driver package Dell_E6430_Win7x64 (UB10003D) retrieved. $$<:SDS-ProcessPackage()><09-14-2015 09:54:34.746249><thread=1964>
Error: Error importing driver: \\X01337AA00100V.umpq.umpquabank.com\Source$\OSD\Drivers\Dell\E6430\Win7x64\communication\H9H2N_A00-00\production\Windows7-x64\UninstallDell.inf $$<:SDS-ImportDriver><09-14-2015 09:55:23.761994><thread=1964>
Error: Error importing driver: \\X01337AA00100V.umpq.umpquabank.com\Source$\OSD\Drivers\Dell\E6430\Win7x64\network\NDCH4_A00-00\Windows7-x64\btwampfl_svc.inf $$<:SDS-ImportDriver><09-14-2015 09:55:35.617906><thread=1964>
Processing Driver Package: Dell_E6430_Win7x86 $$<:SDS-ProcessPackage()><09-14-2015 09:55:42.134412><thread=1964>
Existing driver package Dell_E6430_Win7x86 (UB10003E) retrieved. $$<:SDS-ProcessPackage()><09-14-2015 09:57:35.053040><thread=1964>
Error: Error importing driver: \\X01337AA00100V.umpq.umpquabank.com\Source$\OSD\Drivers\Dell\E6430\Win7x86\chipset\46WD8_A01-00\NAC_PP\IntelAMTPP.inf $$<:SDS-ImportDriver><09-14-2015 09:57:43.603691><thread=1964>
Error: Error importing driver: \\X01337AA00100V.umpq.umpquabank.com\Source$\OSD\Drivers\Dell\E6430\Win7x86\communication\H9H2N_A00-00\production\Windows7-x86\UninstallDell.inf $$<:SDS-ImportDriver><09-14-2015 09:58:58.631431><thread=1964>
Error: Error importing driver: \\X01337AA00100V.umpq.umpquabank.com\Source$\OSD\Drivers\Dell\E6430\Win7x86\network\FG13K_A06-00\DOS\NDIS2\oemsetup.inf $$<:SDS-ImportDriver><09-14-2015 09:59:04.480875><thread=1964>
Error: Error importing driver: \\X01337AA00100V.umpq.umpquabank.com\Source$\OSD\Drivers\Dell\E6430\Win7x86\network\NDCH4_A00-00\Windows7-x86\btwampfl_svc.inf $$<:SDS-ImportDriver><09-14-2015 09:59:25.034447><thread=1964>
Error: Error importing driver: \\X01337AA00100V.umpq.umpquabank.com\Source$\OSD\Drivers\Dell\E6430\Win7x86\security\F6GR9_A00-00\Drivers\Dell_PBA\pbadrv.inf $$<:SDS-ImportDriver><09-14-2015 09:59:37.247387><thread=1964>
Processing Driver Package: Dell_E6520_Win7x64 $$<:SDS-ProcessPackage()><09-14-2015 09:59:49.239324><thread=1964>
Existing driver package Dell_E6520_Win7x64 (UB10003F) retrieved. $$<:SDS-ProcessPackage()><09-14-2015 10:04:05.813922><thread=1964>
Error: Error importing driver: \\X01337AA00100V.umpq.umpquabank.com\Source$\OSD\Drivers\Dell\E6520\Win7x64\network\1G1GX_A00-00\production\Windows7-x64\btwampfl_svc.inf $$<:SDS-ImportDriver><09-14-2015 10:05:56.071367><thread=1964>
Processing Driver Package: Dell_E6520_Win7x86 $$<:SDS-ProcessPackage()><09-14-2015 10:08:53.811944><thread=1964>
Existing driver package Dell_E6520_Win7x86 (UB100040) retrieved. $$<:SDS-ProcessPackage()><09-14-2015 10:10:36.811819><thread=1964>
Error: Error importing driver: \\X01337AA00100V.umpq.umpquabank.com\Source$\OSD\Drivers\Dell\E6520\Win7x86\network\1G1GX_A00-00\production\Windows7-x64\btwampfl_svc.inf $$<:SDS-ImportDriver><09-14-2015 10:12:22.788924><thread=1964>
Error: Error importing driver: \\X01337AA00100V.umpq.umpquabank.com\Source$\OSD\Drivers\Dell\E6520\Win7x86\network\1G1GX_A00-00\production\Windows7-x86\btwampfl_svc.inf $$<:SDS-ImportDriver><09-14-2015 10:12:27.346271><thread=1964>
Processing Driver Package: Dell_E6530_Win7x64 $$<:SDS-ProcessPackage()><09-14-2015 10:12:46.572743><thread=1964>
Existing driver package Dell_E6530_Win7x64 (UB100041) retrieved. $$<:SDS-ProcessPackage()><09-14-2015 10:14:23.674168><thread=1964>
Error: Error importing driver: \\X01337AA00100V.umpq.umpquabank.com\Source$\OSD\Drivers\Dell\E6530\Win7x64\chipset\46WD8_A01-00\NAC_PP\IntelAMTPP.inf $$<:SDS-ImportDriver><09-14-2015 10:14:30.723709><thread=1964>
Error: Error importing driver: \\X01337AA00100V.umpq.umpquabank.com\Source$\OSD\Drivers\Dell\E6530\Win7x64\communication\GVPMF_A00-00\production\Windows7-x64\UninstallDell.inf $$<:SDS-ImportDriver><09-14-2015 10:15:33.852534><thread=1964>
Error: Error importing driver: \\X01337AA00100V.umpq.umpquabank.com\Source$\OSD\Drivers\Dell\E6530\Win7x64\network\NDCH4_A00-00\Windows7-x64\btwampfl_svc.inf $$<:SDS-ImportDriver><09-14-2015 10:15:46.915534><thread=1964>
Processing Driver Package: Dell_E6530_Win7x86 $$<:SDS-ProcessPackage()><09-14-2015 10:15:53.922070><thread=1964>
Existing driver package Dell_E6530_Win7x86 (UB100042) retrieved. $$<:SDS-ProcessPackage()><09-14-2015 10:17:44.401520><thread=1964>
Error: Error importing driver: \\X01337AA00100V.umpq.umpquabank.com\Source$\OSD\Drivers\Dell\E6530\Win7x86\chipset\46WD8_A01-00\NAC_PP\IntelAMTPP.inf $$<:SDS-ImportDriver><09-14-2015 10:17:53.088181><thread=1964>
Error: Error importing driver: \\X01337AA00100V.umpq.umpquabank.com\Source$\OSD\Drivers\Dell\E6530\Win7x86\communication\GVPMF_A00-00\production\Windows7-x86\UninstallDell.inf $$<:SDS-ImportDriver><09-14-2015 10:19:06.184774><thread=1964>
Error: Error importing driver: \\X01337AA00100V.umpq.umpquabank.com\Source$\OSD\Drivers\Dell\E6530\Win7x86\network\FG13K_A06-00\DOS\NDIS2\oemsetup.inf $$<:SDS-ImportDriver><09-14-2015 10:19:11.730195><thread=1964>
Error: Error importing driver: \\X01337AA00100V.umpq.umpquabank.com\Source$\OSD\Drivers\Dell\E6530\Win7x86\network\NDCH4_A00-00\Windows7-x86\btwampfl_svc.inf $$<:SDS-ImportDriver><09-14-2015 10:19:31.002671><thread=1964>
Error: Error importing driver: \\X01337AA00100V.umpq.umpquabank.com\Source$\OSD\Drivers\Dell\E6530\Win7x86\security\F6GR9_A00-00\Drivers\Dell_PBA\pbadrv.inf $$<:SDS-ImportDriver><09-14-2015 10:19:42.944584><thread=1964>
Processing Driver Package: Dell_E6540_Win7x64 $$<:SDS-ProcessPackage()><09-14-2015 10:19:54.260450><thread=1964>
Existing driver package Dell_E6540_Win7x64 (UB100043) retrieved. $$<:SDS-ProcessPackage()><09-14-2015 10:20:54.984101><thread=1964>
Processing Driver Package: Dell_E7440_Win7x64 $$<:SDS-ProcessPackage()><09-14-2015 10:21:44.858926><thread=1964>
Existing driver package Dell_E7440_Win7x64 (UB100044) retrieved. $$<:SDS-ProcessPackage()><09-14-2015 10:23:07.917258><thread=1964>
Processing Driver Package: Dell_E7440_Win8.1x64 $$<:SDS-ProcessPackage()><09-14-2015 10:24:33.848844><thread=1964>
Existing driver package Dell_E7440_Win8.1x64 (UB100022) retrieved. $$<:SDS-ProcessPackage()><09-14-2015 10:25:52.602852><thread=1964>
Processing Driver Package: Dell_WinPE_10.0x64 $$<:SDS-ProcessPackage()><09-14-2015 10:27:18.433416><thread=1964>
Existing driver package Dell_WinPE_10.0x64 (UB100045) retrieved. $$<:SDS-ProcessPackage()><09-14-2015 10:27:34.678666><thread=1964>
Processing Driver Package: Dell_WinPE_10.0x86 $$<:SDS-ProcessPackage()><09-14-2015 10:27:40.098075><thread=1964>
Existing driver package Dell_WinPE_10.0x86 (UB100046) retrieved. $$<:SDS-ProcessPackage()><09-14-2015 10:27:52.572027><thread=1964>
Processing Driver Package: Dell_WinPE_5.0x64 $$<:SDS-ProcessPackage()><09-14-2015 10:27:56.894369><thread=1964>
Existing driver package Dell_WinPE_5.0x64 (UB100047) retrieved. $$<:SDS-ProcessPackage()><09-14-2015 10:28:14.420697><thread=1964>
Processing Driver Package: Dell_WinPE_5.0x86 $$<:SDS-ProcessPackage()><09-14-2015 10:28:19.341075><thread=1964>
Existing driver package Dell_WinPE_5.0x86 (UB100048) retrieved. $$<:SDS-ProcessPackage()><09-14-2015 10:28:36.096356><thread=1964>
Processing Driver Package: Dell_XPS13_Win7x64 $$<:SDS-ProcessPackage()><09-14-2015 10:28:40.372683><thread=1964>
Existing driver package Dell_XPS13_Win7x64 (UB100049) retrieved. $$<:SDS-ProcessPackage()><09-14-2015 10:29:51.052087><thread=1964>
Processing Driver Package: Lenovo_M58p_Win7x64 $$<:SDS-ProcessPackage()><09-14-2015 10:31:09.226065><thread=1964>
Existing driver package Lenovo_M58p_Win7x64 (UB10004A) retrieved. $$<:SDS-ProcessPackage()><09-14-2015 10:31:50.048195><thread=1964>
Error: Error importing driver: \\X01337AA00100V.umpq.umpquabank.com\Source$\OSD\Drivers\Lenovo\M58p\Win7x64\Chipset\c3amt02us17\LMS_SOL\NAC_PP\IntelAMTPP.inf $$<:SDS-ImportDriver><09-14-2015 10:31:52.535376><thread=1964>
Error: Error importing driver: \\X01337AA00100V.umpq.umpquabank.com\Source$\OSD\Drivers\Lenovo\M58p\Win7x64\Networking\c2etn32us17_64\APPS\PROSETDX\Win64\DRIVERS\ansm6064.inf $$<:SDS-ImportDriver><09-14-2015 10:31:58.081802><thread=1964>
Error: Error importing driver: \\X01337AA00100V.umpq.umpquabank.com\Source$\OSD\Drivers\Lenovo\M58p\Win7x64\Networking\c2etn32us17_64\APPS\PROSETDX\Win64\DRIVERS\ANSMW64.INF $$<:SDS-ImportDriver><09-14-2015 10:31:59.712932><thread=1964>
Error: Error importing driver: \\X01337AA00100V.umpq.umpquabank.com\Source$\OSD\Drivers\Lenovo\M58p\Win7x64\Networking\c2etn32us17_64\APPS\PROSETDX\Win64\DRIVERS\ansp6064.inf $$<:SDS-ImportDriver><09-14-2015 10:32:01.356050><thread=1964>
Error: Error importing driver: \\X01337AA00100V.umpq.umpquabank.com\Source$\OSD\Drivers\Lenovo\M58p\Win7x64\Networking\c2etn32us17_64\APPS\PROSETDX\Win64\DRIVERS\ANSPW64.INF $$<:SDS-ImportDriver><09-14-2015 10:32:02.976175><thread=1964>
Error: Error importing driver: \\X01337AA00100V.umpq.umpquabank.com\Source$\OSD\Drivers\Lenovo\M58p\Win7x64\Networking\c2etn32us17_64\PRO1000\Win64\NDIS5x\e1000645.inf $$<:SDS-ImportDriver><09-14-2015 10:32:07.380511><thread=1964>
Error: Error importing driver: \\X01337AA00100V.umpq.umpquabank.com\Source$\OSD\Drivers\Lenovo\M58p\Win7x64\Networking\c2etn32us17_64\PRO1000\Win64\NDIS5x\e1e5164.inf $$<:SDS-ImportDriver><09-14-2015 10:32:09.159651><thread=1964>
Error: Error importing driver: \\X01337AA00100V.umpq.umpquabank.com\Source$\OSD\Drivers\Lenovo\M58p\Win7x64\Networking\c2etn32us17_64\PRO1000\Win64\NDIS5x\e1q5164.inf $$<:SDS-ImportDriver><09-14-2015 10:32:10.916780><thread=1964>
Error: Error importing driver: \\X01337AA00100V.umpq.umpquabank.com\Source$\OSD\Drivers\Lenovo\M58p\Win7x64\Networking\c2etn32us17_64\PRO1000\Win64\NDIS5x\e1r5164.inf $$<:SDS-ImportDriver><09-14-2015 10:32:12.727920><thread=1964>
Error: Error importing driver: \\X01337AA00100V.umpq.umpquabank.com\Source$\OSD\Drivers\Lenovo\M58p\Win7x64\Networking\c2etn32us17_64\PRO1000\Win64\NDIS61\e1e6064.inf $$<:SDS-ImportDriver><09-14-2015 10:32:15.167110><thread=1964>
Error: Error importing driver: \\X01337AA00100V.umpq.umpquabank.com\Source$\OSD\Drivers\Lenovo\M58p\Win7x64\Networking\c2etn32us17_64\PRO1000\Win64\NDIS61\e1g6064.inf $$<:SDS-ImportDriver><09-14-2015 10:32:16.962244><thread=1964>
Error: Error importing driver: \\X01337AA00100V.umpq.umpquabank.com\Source$\OSD\Drivers\Lenovo\M58p\Win7x64\Networking\c2etn32us17_64\PRO1000\Win64\NDIS61\e1q6064.inf $$<:SDS-ImportDriver><09-14-2015 10:32:18.822395><thread=1964>
Error: Error importing driver: \\X01337AA00100V.umpq.umpquabank.com\Source$\OSD\Drivers\Lenovo\M58p\Win7x64\Networking\c2etn32us17_64\PRO1000\Win64\NDIS61\e1r6064.inf $$<:SDS-ImportDriver><09-14-2015 10:32:20.621525><thread=1964>
Error: Error importing driver: \\X01337AA00100V.umpq.umpquabank.com\Source$\OSD\Drivers\Lenovo\M58p\Win7x64\Networking\c2etn32us17_64\PRO1000\Win64\NDIS62\e1e6264.inf $$<:SDS-ImportDriver><09-14-2015 10:32:22.915699><thread=1964>
Error: Error importing driver: \\X01337AA00100V.umpq.umpquabank.com\Source$\OSD\Drivers\Lenovo\M58p\Win7x64\Networking\c2etn32us17_64\PRO1000\Win64\NDIS62\e1q6264.inf $$<:SDS-ImportDriver><09-14-2015 10:32:24.696835><thread=1964>
Error: Error importing driver: \\X01337AA00100V.umpq.umpquabank.com\Source$\OSD\Drivers\Lenovo\M58p\Win7x64\Networking\c2etn32us17_64\PRO1000\Win64\NDIS62\e1r6264.inf $$<:SDS-ImportDriver><09-14-2015 10:32:26.437968><thread=1964>
Processing Driver Package: Lenovo_M91_Win7x64 $$<:SDS-ProcessPackage()><09-14-2015 10:32:34.853614><thread=1964>
Existing driver package Lenovo_M91_Win7x64 (UB10004B) retrieved. $$<:SDS-ProcessPackage()><09-14-2015 10:35:18.972164><thread=1964>
Error: Error importing driver: \\X01337AA00100V.umpq.umpquabank.com\Source$\OSD\Drivers\Lenovo\M91\Win7x64\Chipset\c5amt12us17\NAC_PP\IntelAMTPP.inf $$<:SDS-ImportDriver><09-14-2015 10:37:39.060878><thread=1964>
Error: Error importing driver: \\X01337AA00100V.umpq.umpquabank.com\Source$\OSD\Drivers\Lenovo\M91\Win7x64\Networking\s2etn06us17\APPS\PROSETDX\Win64\DRIVERS\ansm6064.inf $$<:SDS-ImportDriver><09-14-2015 10:38:46.556037><thread=1964>
Error: Error importing driver: \\X01337AA00100V.umpq.umpquabank.com\Source$\OSD\Drivers\Lenovo\M91\Win7x64\Networking\s2etn06us17\APPS\PROSETDX\Win64\DRIVERS\ansp6064.inf $$<:SDS-ImportDriver><09-14-2015 10:38:48.869214><thread=1964>
Error: Error importing driver: \\X01337AA00100V.umpq.umpquabank.com\Source$\OSD\Drivers\Lenovo\M91\Win7x64\Networking\s2etn06us17\PRO1000\Win64\NDIS5x\e1000645.inf $$<:SDS-ImportDriver><09-14-2015 10:39:02.399259><thread=1964>
Error: Error importing driver: \\X01337AA00100V.umpq.umpquabank.com\Source$\OSD\Drivers\Lenovo\M91\Win7x64\Networking\s2etn06us17\PRO1000\Win64\NDIS5x\e1e5164.inf $$<:SDS-ImportDriver><09-14-2015 10:39:04.895439><thread=1964>
Error: Error importing driver: \\X01337AA00100V.umpq.umpquabank.com\Source$\OSD\Drivers\Lenovo\M91\Win7x64\Networking\s2etn06us17\PRO1000\Win64\NDIS5x\e1q5164.inf $$<:SDS-ImportDriver><09-14-2015 10:39:07.413634><thread=1964>
Error: Error importing driver: \\X01337AA00100V.umpq.umpquabank.com\Source$\OSD\Drivers\Lenovo\M91\Win7x64\Networking\s2etn06us17\PRO1000\Win64\NDIS5x\e1r5164.inf $$<:SDS-ImportDriver><09-14-2015 10:39:10.007840><thread=1964>
Error: Error importing driver: \\X01337AA00100V.umpq.umpquabank.com\Source$\OSD\Drivers\Lenovo\M91\Win7x64\Networking\s2etn06us17\PRO1000\Win64\NDIS61\e1e6064.inf $$<:SDS-ImportDriver><09-14-2015 10:39:12.986057><thread=1964>
Error: Error importing driver: \\X01337AA00100V.umpq.umpquabank.com\Source$\OSD\Drivers\Lenovo\M91\Win7x64\Networking\s2etn06us17\PRO1000\Win64\NDIS61\e1g6064.inf $$<:SDS-ImportDriver><09-14-2015 10:39:15.459248><thread=1964>
Error: Error importing driver: \\X01337AA00100V.umpq.umpquabank.com\Source$\OSD\Drivers\Lenovo\M91\Win7x64\Networking\s2etn06us17\PRO1000\Win64\NDIS61\e1q6064.inf $$<:SDS-ImportDriver><09-14-2015 10:39:18.030445><thread=1964>
Error: Error importing driver: \\X01337AA00100V.umpq.umpquabank.com\Source$\OSD\Drivers\Lenovo\M91\Win7x64\Networking\s2etn06us17\PRO1000\Win64\NDIS61\e1r6064.inf $$<:SDS-ImportDriver><09-14-2015 10:39:20.559647><thread=1964>
Error: Error importing driver: \\X01337AA00100V.umpq.umpquabank.com\Source$\OSD\Drivers\Lenovo\M91\Win7x64\Networking\s2etn06us17\PRO1000\Win64\NDIS62\e1e6264.inf $$<:SDS-ImportDriver><09-14-2015 10:39:23.604871><thread=1964>
Error: Error importing driver: \\X01337AA00100V.umpq.umpquabank.com\Source$\OSD\Drivers\Lenovo\M91\Win7x64\Networking\s2etn06us17\PRO1000\Win64\NDIS62\e1q6264.inf $$<:SDS-ImportDriver><09-14-2015 10:39:26.073069><thread=1964>
Error: Error importing driver: \\X01337AA00100V.umpq.umpquabank.com\Source$\OSD\Drivers\Lenovo\M91\Win7x64\Networking\s2etn06us17\PRO1000\Win64\NDIS62\e1r6264.inf $$<:SDS-ImportDriver><09-14-2015 10:39:28.630256><thread=1964>
Error: Error importing driver: \\X01337AA00100V.umpq.umpquabank.com\Source$\OSD\Drivers\Lenovo\M91\Win7x64\Networking\s2etn06us17_64\APPS\PROSETDX\W2K3_64\DRIVERS\ANSMW64.INF $$<:SDS-ImportDriver><09-14-2015 10:40:08.515308><thread=1964>
Error: Error importing driver: \\X01337AA00100V.umpq.umpquabank.com\Source$\OSD\Drivers\Lenovo\M91\Win7x64\Networking\s2etn06us17_64\APPS\PROSETDX\W2K3_64\DRIVERS\ANSPW64.INF $$<:SDS-ImportDriver><09-14-2015 10:40:10.834484><thread=1964>
Error: Error importing driver: \\X01337AA00100V.umpq.umpquabank.com\Source$\OSD\Drivers\Lenovo\M91\Win7x64\Networking\s2etn06us17_64\APPS\PROSETDX\Win64\DRIVERS\ansm6064.inf $$<:SDS-ImportDriver><09-14-2015 10:40:20.231205><thread=1964>
Error: Error importing driver: \\X01337AA00100V.umpq.umpquabank.com\Source$\OSD\Drivers\Lenovo\M91\Win7x64\Networking\s2etn06us17_64\APPS\PROSETDX\Win64\DRIVERS\ansp6064.inf $$<:SDS-ImportDriver><09-14-2015 10:40:21.803321><thread=1964>
Error: Error importing driver: \\X01337AA00100V.umpq.umpquabank.com\Source$\OSD\Drivers\Lenovo\M91\Win7x64\Networking\s2etn06us17_64\PRO1000\DOS\oemsetup.inf $$<:SDS-ImportDriver><09-14-2015 10:41:56.643582><thread=1964>
Error: Error importing driver: \\X01337AA00100V.umpq.umpquabank.com\Source$\OSD\Drivers\Lenovo\M91\Win7x64\Networking\s2etn06us17_64\PRO1000\Win64\NDIS5x\e1000645.inf $$<:SDS-ImportDriver><09-14-2015 10:42:24.970740><thread=1964>
Error: Error importing driver: \\X01337AA00100V.umpq.umpquabank.com\Source$\OSD\Drivers\Lenovo\M91\Win7x64\Networking\s2etn06us17_64\PRO1000\Win64\NDIS5x\e1e5164.inf $$<:SDS-ImportDriver><09-14-2015 10:42:26.733875><thread=1964>
Error: Error importing driver: \\X01337AA00100V.umpq.umpquabank.com\Source$\OSD\Drivers\Lenovo\M91\Win7x64\Networking\s2etn06us17_64\PRO1000\Win64\NDIS5x\e1q5164.inf $$<:SDS-ImportDriver><09-14-2015 10:42:28.505010><thread=1964>
Error: Error importing driver: \\X01337AA00100V.umpq.umpquabank.com\Source$\OSD\Drivers\Lenovo\M91\Win7x64\Networking\s2etn06us17_64\PRO1000\Win64\NDIS5x\e1r5164.inf $$<:SDS-ImportDriver><09-14-2015 10:42:30.254142><thread=1964>
Error: Error importing driver: \\X01337AA00100V.umpq.umpquabank.com\Source$\OSD\Drivers\Lenovo\M91\Win7x64\Networking\s2etn06us17_64\PRO1000\Win64\NDIS61\e1e6064.inf $$<:SDS-ImportDriver><09-14-2015 10:42:32.718331><thread=1964>
Error: Error importing driver: \\X01337AA00100V.umpq.umpquabank.com\Source$\OSD\Drivers\Lenovo\M91\Win7x64\Networking\s2etn06us17_64\PRO1000\Win64\NDIS61\e1g6064.inf $$<:SDS-ImportDriver><09-14-2015 10:42:34.505469><thread=1964>
Error: Error importing driver: \\X01337AA00100V.umpq.umpquabank.com\Source$\OSD\Drivers\Lenovo\M91\Win7x64\Networking\s2etn06us17_64\PRO1000\Win64\NDIS61\e1q6064.inf $$<:SDS-ImportDriver><09-14-2015 10:42:36.334608><thread=1964>
Error: Error importing driver: \\X01337AA00100V.umpq.umpquabank.com\Source$\OSD\Drivers\Lenovo\M91\Win7x64\Networking\s2etn06us17_64\PRO1000\Win64\NDIS61\e1r6064.inf $$<:SDS-ImportDriver><09-14-2015 10:42:38.112754><thread=1964>
Error: Error importing driver: \\X01337AA00100V.umpq.umpquabank.com\Source$\OSD\Drivers\Lenovo\M91\Win7x64\Networking\s2etn06us17_64\PRO1000\Win64\NDIS62\e1e6264.inf $$<:SDS-ImportDriver><09-14-2015 10:42:40.127899><thread=1964>
Error: Error importing driver: \\X01337AA00100V.umpq.umpquabank.com\Source$\OSD\Drivers\Lenovo\M91\Win7x64\Networking\s2etn06us17_64\PRO1000\Win64\NDIS62\e1q6264.inf $$<:SDS-ImportDriver><09-14-2015 10:42:41.870032><thread=1964>
Error: Error importing driver: \\X01337AA00100V.umpq.umpquabank.com\Source$\OSD\Drivers\Lenovo\M91\Win7x64\Networking\s2etn06us17_64\PRO1000\Win64\NDIS62\e1r6264.inf $$<:SDS-ImportDriver><09-14-2015 10:42:43.655168><thread=1964>
Processing Driver Package: Lenovo_M92p_Win7x64 $$<:SDS-ProcessPackage()><09-14-2015 10:47:00.197788><thread=1964>
Existing driver package Lenovo_M92p_Win7x64 (UB10004C) retrieved. $$<:SDS-ProcessPackage()><09-14-2015 10:49:34.385580><thread=1964>
Error: Error importing driver: \\X01337AA00100V.umpq.umpquabank.com\Source$\OSD\Drivers\Lenovo\M92p\Win7x64\Bluetooth\B3BLT0EUS17\B3BLT0EUS17\Win64\btwampfl_svc.inf $$<:SDS-ImportDriver><09-14-2015 10:51:16.673400><thread=1964>
Error: Error importing driver: \\X01337AA00100V.umpq.umpquabank.com\Source$\OSD\Drivers\Lenovo\M92p\Win7x64\Chipset\C8AMT19US17\NAC_PP\IntelAMTPP.inf $$<:SDS-ImportDriver><09-14-2015 10:51:40.173196><thread=1964>
Error: Error importing driver: \\X01337AA00100V.umpq.umpquabank.com\Source$\OSD\Drivers\Lenovo\M92p\Win7x64\Enthernet\D1ETN04US17WS\APPS\PROSETDX\Win64\DRIVERS\ansm6064.inf $$<:SDS-ImportDriver><09-14-2015 10:53:07.716898><thread=1964>
Error: Error importing driver: \\X01337AA00100V.umpq.umpquabank.com\Source$\OSD\Drivers\Lenovo\M92p\Win7x64\Enthernet\D1ETN04US17WS\APPS\PROSETDX\Win64\DRIVERS\ANSMW64.INF $$<:SDS-ImportDriver><09-14-2015 10:53:29.466554><thread=1964>
Error: Error importing driver: \\X01337AA00100V.umpq.umpquabank.com\Source$\OSD\Drivers\Lenovo\M92p\Win7x64\Enthernet\D1ETN04US17WS\APPS\PROSETDX\Win64\DRIVERS\ansp6064.inf $$<:SDS-ImportDriver><09-14-2015 10:53:34.195919><thread=1964>
Error: Error importing driver: \\X01337AA00100V.umpq.umpquabank.com\Source$\OSD\Drivers\Lenovo\M92p\Win7x64\Enthernet\D1ETN04US17WS\APPS\PROSETDX\Win64\DRIVERS\ANSPW64.INF $$<:SDS-ImportDriver><09-14-2015 10:53:36.617101><thread=1964>
Error: Error importing driver: \\X01337AA00100V.umpq.umpquabank.com\Source$\OSD\Drivers\Lenovo\M92p\Win7x64\Enthernet\D1ETN04US17WS\PRO100\DOS\oemsetup.inf $$<:SDS-ImportDriver><09-14-2015 10:54:23.942719><thread=1964>
Error: Error importing driver: \\X01337AA00100V.umpq.umpquabank.com\Source$\OSD\Drivers\Lenovo\M92p\Win7x64\Enthernet\D1ETN04US17WS\PRO100\Win64\NDIS5x\e100a645.inf $$<:SDS-ImportDriver><09-14-2015 10:54:44.932331><thread=1964>
Error: Error importing driver: \\X01337AA00100V.umpq.umpquabank.com\Source$\OSD\Drivers\Lenovo\M92p\Win7x64\Enthernet\D1ETN04US17WS\PRO100\Win64\NDIS5x\e100b645.inf $$<:SDS-ImportDriver><09-14-2015 10:54:57.712303><thread=1964>
Processing Driver Package: Lenovo_M93p_Win7x64 $$<:SDS-ProcessPackage()><09-14-2015 10:57:34.746314><thread=1964>
Existing driver package Lenovo_M93p_Win7x64 (UB10004D) retrieved. $$<:SDS-ProcessPackage()><09-14-2015 11:01:41.572190><thread=1964>
Error: Error importing driver: \\X01337AA00100V.umpq.umpquabank.com\Source$\OSD\Drivers\Lenovo\M93p\Win7x64\Bluetooth\B3BLT0EUS17\B3BLT0EUS17\Win32\btwampfl_svc.inf $$<:SDS-ImportDriver><09-14-2015 11:05:01.047448><thread=1964>
Error: Error importing driver: \\X01337AA00100V.umpq.umpquabank.com\Source$\OSD\Drivers\Lenovo\M93p\Win7x64\Bluetooth\B3BLT0EUS17\B3BLT0EUS17\Win64\btwampfl_svc.inf $$<:SDS-ImportDriver><09-14-2015 11:06:17.264282><thread=1964>
Error: Error importing driver: \\X01337AA00100V.umpq.umpquabank.com\Source$\OSD\Drivers\Lenovo\M93p\Win7x64\Chipset\E8AMT0BUS17\E8AMT0BUS17\NAC_PP\IntelAMTPP.inf $$<:SDS-ImportDriver><09-14-2015 11:14:04.757020><thread=1964>
Error: Error importing driver: \\X01337AA00100V.umpq.umpquabank.com\Source$\OSD\Drivers\Lenovo\M93p\Win7x64\Ethernet\D2ETN0CUS17\D2ETN0CUS17\APPS\PROSETDX\W2K3_64\DRIVERS\ANSMW64.INF $$<:SDS-ImportDriver><09-14-2015 11:14:26.206668><thread=1964>
Error: Error importing driver: \\X01337AA00100V.umpq.umpquabank.com\Source$\OSD\Drivers\Lenovo\M93p\Win7x64\Ethernet\D2ETN0CUS17\D2ETN0CUS17\APPS\PROSETDX\W2K3_64\DRIVERS\ANSPW64.INF $$<:SDS-ImportDriver><09-14-2015 11:14:29.394904><thread=1964>
Error: Error importing driver: \\X01337AA00100V.umpq.umpquabank.com\Source$\OSD\Drivers\Lenovo\M93p\Win7x64\Ethernet\D2ETN0CUS17\D2ETN0CUS17\APPS\PROSETDX\Win64\DRIVERS\ansm6064.inf $$<:SDS-ImportDriver><09-14-2015 11:14:47.753308><thread=1964>
Error: Error importing driver: \\X01337AA00100V.umpq.umpquabank.com\Source$\OSD\Drivers\Lenovo\M93p\Win7x64\Ethernet\D2ETN0CUS17\D2ETN0CUS17\APPS\PROSETDX\Win64\DRIVERS\ansp6064.inf $$<:SDS-ImportDriver><09-14-2015 11:14:50.897552><thread=1964>
Error: Error importing driver: \\X01337AA00100V.umpq.umpquabank.com\Source$\OSD\Drivers\Lenovo\M93p\Win7x64\Ethernet\D2ETN0CUS17\D2ETN0CUS17\PRO100\DOS\oemsetup.inf $$<:SDS-ImportDriver><09-14-2015 11:18:18.947460><thread=1964>
Error: Error importing driver: \\X01337AA00100V.umpq.umpquabank.com\Source$\OSD\Drivers\Lenovo\M93p\Win7x64\Ethernet\D2ETN0CUS17\D2ETN0CUS17\PRO1000\DOS\oemsetup.inf $$<:SDS-ImportDriver><09-14-2015 11:18:24.022848><thread=1964>
Processing Driver Package: Lenovo_T420_Win7x64 $$<:SDS-ProcessPackage()><09-14-2015 11:21:30.092078><thread=1964>
Existing driver package Lenovo_T420_Win7x64 (UB10004E) retrieved. $$<:SDS-ProcessPackage()><09-14-2015 11:24:02.903763><thread=1964>
Error: Error importing driver: \\X01337AA00100V.umpq.umpquabank.com\Source$\OSD\Drivers\Lenovo\T420\Win7x64\Chipset\AMT\ME_SW\NAC_PP\IntelAMTPP.inf $$<:SDS-ImportDriver><09-14-2015 11:24:36.556360><thread=1964>
Error: Error importing driver: \\X01337AA00100V.umpq.umpquabank.com\Source$\OSD\Drivers\Lenovo\T420\Win7x64\Communications\7zwb06ww\Win64\btwampfl_svc.inf $$<:SDS-ImportDriver><09-14-2015 11:28:32.816402><thread=1964>
Error: Error importing driver: \\X01337AA00100V.umpq.umpquabank.com\Source$\OSD\Drivers\Lenovo\T420\Win7x64\Communications\g4wb12ww\Win64\btwampfl_svc.inf $$<:SDS-ImportDriver><09-14-2015 11:28:54.457058><thread=1964>
Error: Error importing driver: \\X01337AA00100V.umpq.umpquabank.com\Source$\OSD\Drivers\Lenovo\T420\Win7x64\Networking\WIMAX\Win7\s64\Install\IntelWiMAX\Program Files 64\Intel\WiMAX\Bin\mo_db.inf $$<:SDS-ImportDriver><09-14-2015 11:29:26.564512><thread=1964>
Error: Error importing driver: \\X01337AA00100V.umpq.umpquabank.com\Source$\OSD\Drivers\Lenovo\T420\Win7x64\Networking\WIMAX\Win7\s64\Install\IntelWiMAX\Program Files 64\Intel\WiMAX\MiniportDriver\WIN7MB\bpmp.inf $$<:SDS-ImportDriver><09-14-2015 11:29:32.015938><thread=1964>
Error: Error importing driver: \\X01337AA00100V.umpq.umpquabank.com\Source$\OSD\Drivers\Lenovo\T420\Win7x64\Networking\WIMAX\Win7\s64\Install\IntelWiMAX\Program Files 64\Intel\WiMAX\MiniportDriver\WIN8MB\bpmp.inf $$<:SDS-ImportDriver><09-14-2015 11:29:33.543046><thread=1964>
Processing Driver Package: Lenovo_T430s_Win7x64 $$<:SDS-ProcessPackage()><09-14-2015 11:30:22.580797><thread=1964>
Existing driver package Lenovo_T430s_Win7x64 (UB10004F) retrieved. $$<:SDS-ProcessPackage()><09-14-2015 11:31:02.063823><thread=1964>
Error: Error importing driver: \\X01337AA00100V.umpq.umpquabank.com\Source$\OSD\Drivers\Lenovo\T430s\Win7x64\Bluetooth\g4wb12ww\Win64\btwampfl_svc.inf $$<:SDS-ImportDriver><09-14-2015 11:32:17.652596><thread=1964>
Error: Error importing driver: \\X01337AA00100V.umpq.umpquabank.com\Source$\OSD\Drivers\Lenovo\T430s\Win7x64\Storage\G1IO15WW\PREPARE\IMSM_PRE.inf $$<:SDS-ImportDriver><09-14-2015 11:48:22.609390><thread=1964>
Processing Driver Package: Lenovo_T430_T530_Win7x64 $$<:SDS-ProcessPackage()><09-14-2015 11:50:09.740583><thread=1964>
Existing driver package Lenovo_T430_T530_Win7x64 (UB100050) retrieved. $$<:SDS-ProcessPackage()><09-14-2015 11:51:10.327213><thread=1964>
Processing Driver Package: Lenovo_T440_T440S_Win7x64 $$<:SDS-ProcessPackage()><09-14-2015 11:52:34.007614><thread=1964>
Existing driver package Lenovo_T440_T440S_Win7x64 (UB100051) retrieved. $$<:SDS-ProcessPackage()><09-14-2015 11:53:59.727171><thread=1964>
Processing Driver Package: Lenovo_T450s_Win7x64 $$<:SDS-ProcessPackage()><09-14-2015 12:14:06.079420><thread=1964>
Existing driver package Lenovo_T450s_Win7x64 (UB100023) retrieved. $$<:SDS-ProcessPackage()><09-14-2015 12:15:15.841754><thread=1964>
Processing Driver Package: Lenovo_W550s_Win7x64 $$<:SDS-ProcessPackage()><09-14-2015 12:16:19.371614><thread=1964>
Existing driver package Lenovo_W550s_Win7x64 (UB100052) retrieved. $$<:SDS-ProcessPackage()><09-14-2015 12:16:44.672548><thread=1964>
Processing Driver Package: Lenovo_WinPE_5.0x64 $$<:SDS-ProcessPackage()><09-14-2015 12:18:57.489851><thread=1964>
Existing driver package Lenovo_WinPE_5.0x64 (UB100053) retrieved. $$<:SDS-ProcessPackage()><09-14-2015 12:19:02.372398><thread=1964>
Processing Driver Package: Lenovo_X1Carbon_Win7x64 $$<:SDS-ProcessPackage()><09-14-2015 12:19:26.276593><thread=1964>
Existing driver package Lenovo_X1Carbon_Win7x64 (UB100054) retrieved. $$<:SDS-ProcessPackage()><09-14-2015 12:21:26.249079><thread=1964>
Processing Driver Package: Microsoft_SurfacePro3_Win10x64 $$<:SDS-ProcessPackage()><09-14-2015 12:57:18.417926><thread=1964>
Existing driver package Microsoft_SurfacePro3_Win10x64 (UB100024) retrieved. $$<:SDS-ProcessPackage()><09-14-2015 12:57:39.944565><thread=1964>
Processing Driver Package: Other_DisplayLink_7.8x86x64 $$<:SDS-ProcessPackage()><09-14-2015 12:58:00.500147><thread=1964>
Existing driver package Other_DisplayLink_7.8x86x64 (UB100055) retrieved. $$<:SDS-ProcessPackage()><09-14-2015 12:58:03.797389><thread=1964>
Processing Driver Package: Other_VMWare_x64 $$<:SDS-ProcessPackage()><09-14-2015 12:58:03.993403><thread=1964>
Existing driver package Other_VMWare_x64 (UB100056) retrieved. $$<:SDS-ProcessPackage()><09-14-2015 12:58:11.975016><thread=1964>
Processing Driver Package: Other_VMWare_x86 $$<:SDS-ProcessPackage()><09-14-2015 12:58:12.553068><thread=1964>
Existing driver package Other_VMWare_x86 (UB100057) retrieved. $$<:SDS-ProcessPackage()><09-14-2015 12:58:19.901619><thread=1964>
